<?xml version="1.0" encoding="UTF-8"?>
<!-- Generated by org.testng.reporters.JUnitXMLReporter -->
<testsuite ignored="0" hostname="LAPTOP-P1DAJBT9" failures="4" tests="5" name="Orange HRm login verification" time="110.27" errors="0" timestamp="2022-08-02T13:45:14 IST">
  <testcase classname="TestClasses.DataDrivenOrangeLogin_Test" name="loginTest" time="11.52"/>
  <testcase classname="TestClasses.DataDrivenOrangeLogin_Test" name="loginTest" time="23.117">
    <failure type="java.lang.AssertionError" message="expected [true] but found [false]">
      <![CDATA[java.lang.AssertionError: expected [true] but found [false]
at TestClasses.DataDrivenOrangeLogin_Test.loginTest(DataDrivenOrangeLogin_Test.java:36)
at java.base/java.util.ArrayList.forEach(ArrayList.java:1511)
... Removed 31 stack frames]]>
    </failure>
  </testcase> <!-- loginTest -->
  <testcase classname="TestClasses.DataDrivenOrangeLogin_Test" name="loginTest" time="22.53">
    <failure type="java.lang.AssertionError" message="expected [true] but found [false]">
      <![CDATA[java.lang.AssertionError: expected [true] but found [false]
at TestClasses.DataDrivenOrangeLogin_Test.loginTest(DataDrivenOrangeLogin_Test.java:36)
at java.base/java.util.ArrayList.forEach(ArrayList.java:1511)
... Removed 31 stack frames]]>
    </failure>
  </testcase> <!-- loginTest -->
  <testcase classname="TestClasses.DataDrivenOrangeLogin_Test" name="loginTest" time="22.177">
    <failure type="java.lang.AssertionError" message="expected [true] but found [false]">
      <![CDATA[java.lang.AssertionError: expected [true] but found [false]
at TestClasses.DataDrivenOrangeLogin_Test.loginTest(DataDrivenOrangeLogin_Test.java:36)
at java.base/java.util.ArrayList.forEach(ArrayList.java:1511)
... Removed 31 stack frames]]>
    </failure>
  </testcase> <!-- loginTest -->
  <testcase classname="TestClasses.DataDrivenOrangeLogin_Test" name="loginTest" time="23.119">
    <failure type="java.lang.AssertionError" message="expected [true] but found [false]">
      <![CDATA[java.lang.AssertionError: expected [true] but found [false]
at TestClasses.DataDrivenOrangeLogin_Test.loginTest(DataDrivenOrangeLogin_Test.java:36)
at java.base/java.util.ArrayList.forEach(ArrayList.java:1511)
... Removed 31 stack frames]]>
    </failure>
  </testcase> <!-- loginTest -->
</testsuite> <!-- Orange HRm login verification -->
